d:\haomaiyi\ncnn-win\build_vs2015\src\ncnn.dir\release\dropout.obj
d:\haomaiyi\ncnn-win\build_vs2015\src\ncnn.dir\release\deconvolution.obj
d:\haomaiyi\ncnn-win\build_vs2015\src\ncnn.dir\release\crop.obj
d:\haomaiyi\ncnn-win\build_vs2015\src\ncnn.dir\release\convolution_x86.obj
d:\haomaiyi\ncnn-win\build_vs2015\src\ncnn.dir\release\convolution.obj
d:\haomaiyi\ncnn-win\build_vs2015\src\ncnn.dir\release\concat.obj
d:\haomaiyi\ncnn-win\build_vs2015\src\ncnn.dir\release\bnll.obj
d:\haomaiyi\ncnn-win\build_vs2015\src\ncnn.dir\release\bias.obj
d:\haomaiyi\ncnn-win\build_vs2015\src\ncnn.dir\release\batchnorm.obj
d:\haomaiyi\ncnn-win\build_vs2015\src\ncnn.dir\release\absval.obj
d:\haomaiyi\ncnn-win\build_vs2015\src\ncnn.dir\release\benchmark.obj
d:\haomaiyi\ncnn-win\build_vs2015\src\ncnn.dir\release\paramdict.obj
d:\haomaiyi\ncnn-win\build_vs2015\src\ncnn.dir\release\opencv.obj
d:\haomaiyi\ncnn-win\build_vs2015\src\ncnn.dir\release\net.obj
d:\haomaiyi\ncnn-win\build_vs2015\src\ncnn.dir\release\modelbin.obj
d:\haomaiyi\ncnn-win\build_vs2015\src\ncnn.dir\release\mat_pixel.obj
d:\haomaiyi\ncnn-win\build_vs2015\src\ncnn.dir\release\mat.obj
d:\haomaiyi\ncnn-win\build_vs2015\src\ncnn.dir\release\layer.obj
d:\haomaiyi\ncnn-win\build_vs2015\src\ncnn.dir\release\cpu.obj
d:\haomaiyi\ncnn-win\build_vs2015\src\ncnn.dir\release\blob.obj
d:\haomaiyi\ncnn-win\build_vs2015\src\ncnn.dir\release\scale.obj
d:\haomaiyi\ncnn-win\build_vs2015\src\ncnn.dir\release\roipooling.obj
d:\haomaiyi\ncnn-win\build_vs2015\src\ncnn.dir\release\reshape.obj
d:\haomaiyi\ncnn-win\build_vs2015\src\ncnn.dir\release\relu.obj
d:\haomaiyi\ncnn-win\build_vs2015\src\ncnn.dir\release\reduction.obj
d:\haomaiyi\ncnn-win\build_vs2015\src\ncnn.dir\release\proposal.obj
d:\haomaiyi\ncnn-win\build_vs2015\src\ncnn.dir\release\prelu.obj
d:\haomaiyi\ncnn-win\build_vs2015\src\ncnn.dir\release\power.obj
d:\haomaiyi\ncnn-win\build_vs2015\src\ncnn.dir\release\pooling.obj
d:\haomaiyi\ncnn-win\build_vs2015\src\ncnn.dir\release\mvn.obj
d:\haomaiyi\ncnn-win\build_vs2015\src\ncnn.dir\release\memorydata.obj
d:\haomaiyi\ncnn-win\build_vs2015\src\ncnn.dir\release\lrn.obj
d:\haomaiyi\ncnn-win\build_vs2015\src\ncnn.dir\release\log.obj
d:\haomaiyi\ncnn-win\build_vs2015\src\ncnn.dir\release\input.obj
d:\haomaiyi\ncnn-win\build_vs2015\src\ncnn.dir\release\innerproduct.obj
d:\haomaiyi\ncnn-win\build_vs2015\src\ncnn.dir\release\flatten.obj
d:\haomaiyi\ncnn-win\build_vs2015\src\ncnn.dir\release\exp.obj
d:\haomaiyi\ncnn-win\build_vs2015\src\ncnn.dir\release\embed.obj
d:\haomaiyi\ncnn-win\build_vs2015\src\ncnn.dir\release\elu.obj
d:\haomaiyi\ncnn-win\build_vs2015\src\ncnn.dir\release\eltwise.obj
d:\haomaiyi\ncnn-win\build_vs2015\src\ncnn.dir\release\shufflechannel.obj
d:\haomaiyi\ncnn-win\build_vs2015\src\ncnn.dir\release\deconvolutiondepthwise.obj
d:\haomaiyi\ncnn-win\build_vs2015\src\ncnn.dir\release\interp.obj
d:\haomaiyi\ncnn-win\build_vs2015\src\ncnn.dir\release\detectionoutput.obj
d:\haomaiyi\ncnn-win\build_vs2015\src\ncnn.dir\release\priorbox.obj
d:\haomaiyi\ncnn-win\build_vs2015\src\ncnn.dir\release\permute.obj
d:\haomaiyi\ncnn-win\build_vs2015\src\ncnn.dir\release\normalize.obj
d:\haomaiyi\ncnn-win\build_vs2015\src\ncnn.dir\release\expanddims.obj
d:\haomaiyi\ncnn-win\build_vs2015\src\ncnn.dir\release\squeeze.obj
d:\haomaiyi\ncnn-win\build_vs2015\src\ncnn.dir\release\padding.obj
d:\haomaiyi\ncnn-win\build_vs2015\src\ncnn.dir\release\convolutiondepthwise_x86.obj
d:\haomaiyi\ncnn-win\build_vs2015\src\ncnn.dir\release\convolutiondepthwise.obj
d:\haomaiyi\ncnn-win\build_vs2015\src\ncnn.dir\release\unaryop.obj
d:\haomaiyi\ncnn-win\build_vs2015\src\ncnn.dir\release\binaryop.obj
d:\haomaiyi\ncnn-win\build_vs2015\src\ncnn.dir\release\threshold.obj
d:\haomaiyi\ncnn-win\build_vs2015\src\ncnn.dir\release\tanh.obj
d:\haomaiyi\ncnn-win\build_vs2015\src\ncnn.dir\release\split.obj
d:\haomaiyi\ncnn-win\build_vs2015\src\ncnn.dir\release\softmax.obj
d:\haomaiyi\ncnn-win\build_vs2015\src\ncnn.dir\release\slice.obj
d:\haomaiyi\ncnn-win\build_vs2015\src\ncnn.dir\release\sigmoid.obj
d:\haomaiyi\ncnn-win\build_vs2015\src\ncnn.dir\release\clip.obj
d:\haomaiyi\ncnn-win\build_vs2015\src\ncnn.dir\release\instancenorm.obj
d:\haomaiyi\ncnn-win\build_vs2015\src\cmakefiles\generate.stamp
d:\haomaiyi\ncnn-win\build_vs2015\src\release\ncnn.lib
d:\haomaiyi\ncnn-win\build_vs2015\src\ncnn.dir\release\ncnn.tlog\cl.command.1.tlog
d:\haomaiyi\ncnn-win\build_vs2015\src\ncnn.dir\release\ncnn.tlog\cl.read.1.tlog
d:\haomaiyi\ncnn-win\build_vs2015\src\ncnn.dir\release\ncnn.tlog\cl.write.1.tlog
d:\haomaiyi\ncnn-win\build_vs2015\src\ncnn.dir\release\ncnn.tlog\custombuild.command.1.tlog
d:\haomaiyi\ncnn-win\build_vs2015\src\ncnn.dir\release\ncnn.tlog\custombuild.read.1.tlog
d:\haomaiyi\ncnn-win\build_vs2015\src\ncnn.dir\release\ncnn.tlog\custombuild.write.1.tlog
d:\haomaiyi\ncnn-win\build_vs2015\src\ncnn.dir\release\ncnn.tlog\lib-link.read.1.tlog
d:\haomaiyi\ncnn-win\build_vs2015\src\ncnn.dir\release\ncnn.tlog\lib-link.write.1.tlog
d:\haomaiyi\ncnn-win\build_vs2015\src\ncnn.dir\release\ncnn.tlog\lib.command.1.tlog
