  Checking Build System
  CMake does not need to re-run because D:/haomaiyi/ncnn-win/build_vs2015/CMakeFiles/generate.stamp is up-to-date.
  CMake does not need to re-run because D:/haomaiyi/ncnn-win/build_vs2015/examples/CMakeFiles/generate.stamp is up-to-date.
  CMake does not need to re-run because D:/haomaiyi/ncnn-win/build_vs2015/examples/ssd/CMakeFiles/generate.stamp is up-to-date.
  CMake does not need to re-run because D:/haomaiyi/ncnn-win/build_vs2015/benchmark/CMakeFiles/generate.stamp is up-to-date.
  CMake does not need to re-run because D:/haomaiyi/ncnn-win/build_vs2015/src/CMakeFiles/generate.stamp is up-to-date.
  CMake is re-running because D:/haomaiyi/ncnn-win/build_vs2015/tools/CMakeFiles/generate.stamp is out-of-date.
    the file 'D:/haomaiyi/ncnn-win/tools/CMakeLists.txt'
    is newer than 'D:/haomaiyi/ncnn-win/build_vs2015/tools/CMakeFiles/generate.stamp.depend'
    result='-1'
  -- CMAKE_INSTALL_PREFIX = D:/haomaiyi/ncnn-win/build_vs2015/install
  -- OpenCV ARCH: x64
  -- OpenCV RUNTIME: vc14
  -- OpenCV STATIC: ON
  -- Found OpenCV 3.4.1 in D:/haomaiyi/ncnn-win/3rdparty/opencv/build/x64/vc14/lib
  -- You might need to add D:\haomaiyi\ncnn-win\3rdparty\opencv\build\x64\vc14\bin to your PATH to be able to run your applications.
  WITH_LAYER_absval = ON
  WITH_LAYER_argmax = OFF
  WITH_LAYER_batchnorm = ON
  WITH_LAYER_bias = ON
  WITH_LAYER_bnll = ON
  WITH_LAYER_concat = ON
  WITH_LAYER_convolution = ON
  WITH_LAYER_crop = ON
  WITH_LAYER_deconvolution = ON
  WITH_LAYER_dropout = ON
  WITH_LAYER_eltwise = ON
  WITH_LAYER_elu = ON
  WITH_LAYER_embed = ON
  WITH_LAYER_exp = ON
  WITH_LAYER_flatten = ON
  WITH_LAYER_innerproduct = ON
  WITH_LAYER_input = ON
  WITH_LAYER_log = ON
  WITH_LAYER_lrn = ON
  WITH_LAYER_memorydata = ON
  WITH_LAYER_mvn = ON
  WITH_LAYER_pooling = ON
  WITH_LAYER_power = ON
  WITH_LAYER_prelu = ON
  WITH_LAYER_proposal = ON
  WITH_LAYER_reduction = ON
  WITH_LAYER_relu = ON
  WITH_LAYER_reshape = ON
  WITH_LAYER_roipooling = ON
  WITH_LAYER_scale = ON
  WITH_LAYER_sigmoid = ON
  WITH_LAYER_slice = ON
  WITH_LAYER_softmax = ON
  WITH_LAYER_split = ON
  WITH_LAYER_spp = OFF
  WITH_LAYER_tanh = ON
  WITH_LAYER_threshold = ON
  WITH_LAYER_tile = OFF
  WITH_LAYER_rnn = OFF
  WITH_LAYER_lstm = OFF
  WITH_LAYER_binaryop = ON
  WITH_LAYER_unaryop = ON
  WITH_LAYER_convolutiondepthwise = ON
  WITH_LAYER_padding = ON
  WITH_LAYER_squeeze = ON
  WITH_LAYER_expanddims = ON
  WITH_LAYER_normalize = ON
  WITH_LAYER_permute = ON
  WITH_LAYER_priorbox = ON
  WITH_LAYER_detectionoutput = ON
  WITH_LAYER_interp = ON
  WITH_LAYER_deconvolutiondepthwise = ON
  WITH_LAYER_shufflechannel = ON
  WITH_LAYER_instancenorm = ON
  WITH_LAYER_clip = ON
  -- Found PROTOBUF: D:/haomaiyi/ncnn-win/3rdparty/protobuf-3.0.2/cmake/build/protobuf/lib  
  -- Configuring done
CUSTOMBUILD : warning : Target "caffe2ncnn" requests linking to directory "D:/haomaiyi/ncnn-win/3rdparty/protobuf-3.0.2/cmake/build/protobuf/lib".  Targets may link only to libraries.  CMake is dropping the item.
CUSTOMBUILD : warning : Target "caffe2ncnn" requests linking to directory "D:/haomaiyi/ncnn-win/3rdparty/protobuf-3.0.2/cmake/build/protobuf/lib".  Targets may link only to libraries.  CMake is dropping the item.
CUSTOMBUILD : warning : Target "caffe2ncnn" requests linking to directory "D:/haomaiyi/ncnn-win/3rdparty/protobuf-3.0.2/cmake/build/protobuf/lib".  Targets may link only to libraries.  CMake is dropping the item.
CUSTOMBUILD : warning : Target "caffe2ncnn" requests linking to directory "D:/haomaiyi/ncnn-win/3rdparty/protobuf-3.0.2/cmake/build/protobuf/lib".  Targets may link only to libraries.  CMake is dropping the item.
CUSTOMBUILD : warning : Target "onnx2ncnn" requests linking to directory "D:/haomaiyi/ncnn-win/3rdparty/protobuf-3.0.2/cmake/build/protobuf/lib".  Targets may link only to libraries.  CMake is dropping the item.
CUSTOMBUILD : warning : Target "onnx2ncnn" requests linking to directory "D:/haomaiyi/ncnn-win/3rdparty/protobuf-3.0.2/cmake/build/protobuf/lib".  Targets may link only to libraries.  CMake is dropping the item.
CUSTOMBUILD : warning : Target "onnx2ncnn" requests linking to directory "D:/haomaiyi/ncnn-win/3rdparty/protobuf-3.0.2/cmake/build/protobuf/lib".  Targets may link only to libraries.  CMake is dropping the item.
CUSTOMBUILD : warning : Target "onnx2ncnn" requests linking to directory "D:/haomaiyi/ncnn-win/3rdparty/protobuf-3.0.2/cmake/build/protobuf/lib".  Targets may link only to libraries.  CMake is dropping the item.
  -- Generating done
  -- Build files have been written to: D:/haomaiyi/ncnn-win/build_vs2015
